2026-06-09 14:57:25,505 - root - INFO - ==================================================
2026-06-09 14:57:25,506 - root - INFO - ==================================================
2026-06-09 14:57:25,539 - root - INFO - Starting Dynamic Pricing Engine Backend
2026-06-09 14:57:25,540 - root - INFO - ==================================================
2026-06-09 14:57:25,543 - root - INFO - ==================================================
2026-06-09 14:57:25,543 - root - INFO - Loading ML models...
2026-06-09 14:57:25,544 - root - INFO - Loading ML models...
2026-06-09 14:58:10,851 - app.services.pricing_service - INFO - Mock xgboost model created at C:\Users\annie\OneDrive\Desktop\PP\backend\app\models\xgboost_model.pkl
2026-06-09 14:58:10,857 - app.services.pricing_service - INFO - Mock xgboost model created at C:\Users\annie\OneDrive\Desktop\PP\backend\app\models\xgboost_model.pkl
2026-06-09 14:58:11,093 - app.services.pricing_service - INFO - XGBoost model created and loaded
2026-06-09 14:58:11,100 - app.services.pricing_service - INFO - XGBoost model created and loaded
2026-06-09 14:58:12,192 - app.services.pricing_service - INFO - Mock random_forest model created at C:\Users\annie\OneDrive\Desktop\PP\backend\app\models\random_forest_model.pkl
2026-06-09 14:58:12,196 - app.services.pricing_service - INFO - Mock random_forest model created at C:\Users\annie\OneDrive\Desktop\PP\backend\app\models\random_forest_model.pkl
2026-06-09 14:58:12,404 - app.services.pricing_service - INFO - Random Forest model created and loaded
2026-06-09 14:58:12,406 - root - INFO - ML models loaded successfully
2026-06-09 14:58:12,407 - root - INFO - Initializing Firebase connection...
2026-06-09 14:58:12,408 - app.services.pricing_service - INFO - Random Forest model created and loaded
2026-06-09 14:58:12,411 - app.database.firebase - ERROR - Firebase initialization error: name 'firebase_admin' is not defined
2026-06-09 14:58:12,412 - root - INFO - ML models loaded successfully
2026-06-09 14:58:12,414 - root - INFO - Initializing Firebase connection...
2026-06-09 14:58:12,413 - root - WARNING - Firebase initialization failed: name 'firebase_admin' is not defined
2026-06-09 14:58:12,418 - app.database.firebase - ERROR - Firebase initialization error: name 'firebase_admin' is not defined
2026-06-09 14:58:12,419 - root - INFO - Continuing without Firebase - analytics features disabled
2026-06-09 14:58:12,419 - root - WARNING - Firebase initialization failed: name 'firebase_admin' is not defined
2026-06-09 14:58:12,420 - root - INFO - Application startup completed successfully
2026-06-09 14:58:12,421 - root - INFO - Continuing without Firebase - analytics features disabled
2026-06-09 14:58:12,425 - root - INFO - Application startup completed successfully
2026-06-09 14:58:16,574 - root - INFO - ==================================================
2026-06-09 14:58:16,574 - root - INFO - Starting Dynamic Pricing Engine Backend
2026-06-09 14:58:16,574 - root - INFO - ==================================================
2026-06-09 14:58:16,577 - root - INFO - Loading ML models...
2026-06-09 14:58:16,579 - root - INFO - ==================================================
2026-06-09 14:58:16,580 - root - INFO - Starting Dynamic Pricing Engine Backend
2026-06-09 14:58:16,581 - root - INFO - ==================================================
2026-06-09 14:58:16,581 - root - INFO - Loading ML models...
2026-06-09 14:58:19,445 - app.services.pricing_service - INFO - XGBoost model loaded successfully
2026-06-09 14:58:19,446 - app.services.pricing_service - INFO - XGBoost model loaded successfully
2026-06-09 14:58:19,461 - app.services.pricing_service - INFO - Random Forest model loaded successfully
2026-06-09 14:58:19,460 - app.services.pricing_service - INFO - Random Forest model loaded successfully
2026-06-09 14:58:19,461 - root - INFO - ML models loaded successfully
2026-06-09 14:58:19,461 - root - INFO - ML models loaded successfully
2026-06-09 14:58:19,461 - root - INFO - Initializing Firebase connection...
2026-06-09 14:58:19,461 - root - INFO - Initializing Firebase connection...
2026-06-09 14:58:19,461 - app.database.firebase - WARNING - Firebase Admin SDK not installed. Database operations will be disabled.
2026-06-09 14:58:19,462 - root - INFO - Firebase initialized successfully
2026-06-09 14:58:19,462 - app.database.firebase - WARNING - Firebase Admin SDK not installed. Database operations will be disabled.
2026-06-09 14:58:19,462 - root - INFO - Application startup completed successfully
2026-06-09 14:58:19,462 - root - INFO - Firebase initialized successfully
2026-06-09 14:58:19,462 - root - INFO - Application startup completed successfully
2026-06-09 14:58:21,843 - root - INFO - ==================================================
2026-06-09 14:58:21,843 - root - INFO - ==================================================
2026-06-09 14:58:21,843 - root - INFO - Shutting down Dynamic Pricing Engine Backend
2026-06-09 14:58:21,843 - root - INFO - Shutting down Dynamic Pricing Engine Backend
2026-06-09 14:58:21,844 - root - INFO - ==================================================
2026-06-09 14:58:21,844 - root - INFO - ==================================================
2026-06-09 14:58:21,844 - root - INFO - Application shutdown completed
2026-06-09 14:58:21,844 - root - INFO - Application shutdown completed
2026-06-09 14:58:23,977 - root - INFO - ==================================================
2026-06-09 14:58:23,978 - root - INFO - ==================================================
2026-06-09 14:58:23,978 - root - INFO - Starting Dynamic Pricing Engine Backend
2026-06-09 14:58:23,978 - root - INFO - Starting Dynamic Pricing Engine Backend
2026-06-09 14:58:23,978 - root - INFO - ==================================================
2026-06-09 14:58:23,978 - root - INFO - Loading ML models...
2026-06-09 14:58:23,979 - root - INFO - Loading ML models...
2026-06-09 14:58:25,539 - app.services.pricing_service - INFO - XGBoost model loaded successfully
2026-06-09 14:58:25,551 - app.services.pricing_service - INFO - XGBoost model loaded successfully
2026-06-09 14:58:25,564 - app.services.pricing_service - INFO - Random Forest model loaded successfully
2026-06-09 14:58:25,565 - root - INFO - ML models loaded successfully
2026-06-09 14:58:25,565 - root - INFO - Initializing Firebase connection...
2026-06-09 14:58:25,565 - app.database.firebase - WARNING - Firebase Admin SDK not installed. Database operations will be disabled.
2026-06-09 14:58:25,566 - root - INFO - Firebase initialized successfully
2026-06-09 14:58:25,566 - root - INFO - Application startup completed successfully
2026-06-09 14:58:25,577 - app.services.pricing_service - INFO - Random Forest model loaded successfully
2026-06-09 14:58:25,577 - root - INFO - ML models loaded successfully
2026-06-09 14:58:25,578 - root - INFO - Initializing Firebase connection...
2026-06-09 14:58:25,578 - app.database.firebase - WARNING - Firebase Admin SDK not installed. Database operations will be disabled.
2026-06-09 14:58:25,578 - root - INFO - Firebase initialized successfully
2026-06-09 14:58:25,579 - root - INFO - Application startup completed successfully
2026-06-09 14:58:29,274 - root - INFO - ==================================================
2026-06-09 14:58:29,275 - root - INFO - Shutting down Dynamic Pricing Engine Backend
2026-06-09 14:58:29,276 - root - INFO - ==================================================
2026-06-09 14:58:29,276 - root - INFO - Application shutdown completed
2026-06-09 14:58:29,290 - root - INFO - ==================================================
2026-06-09 14:58:29,291 - root - INFO - Shutting down Dynamic Pricing Engine Backend
2026-06-09 14:58:29,292 - root - INFO - ==================================================
2026-06-09 14:58:29,292 - root - INFO - Application shutdown completed
2026-06-09 14:58:31,978 - root - INFO - ==================================================
2026-06-09 14:58:31,979 - root - INFO - Starting Dynamic Pricing Engine Backend
2026-06-09 14:58:31,980 - root - INFO - ==================================================
2026-06-09 14:58:31,980 - root - INFO - Loading ML models...
2026-06-09 14:58:31,981 - root - INFO - ==================================================
2026-06-09 14:58:31,981 - root - INFO - Starting Dynamic Pricing Engine Backend
2026-06-09 14:58:31,981 - root - INFO - ==================================================
2026-06-09 14:58:31,982 - root - INFO - Loading ML models...
2026-06-09 14:58:33,354 - app.services.pricing_service - INFO - XGBoost model loaded successfully
2026-06-09 14:58:33,355 - app.services.pricing_service - INFO - XGBoost model loaded successfully
2026-06-09 14:58:33,370 - app.services.pricing_service - INFO - Random Forest model loaded successfully
2026-06-09 14:58:33,371 - root - INFO - ML models loaded successfully
2026-06-09 14:58:33,371 - root - INFO - Initializing Firebase connection...
2026-06-09 14:58:33,371 - app.services.pricing_service - INFO - Random Forest model loaded successfully
2026-06-09 14:58:33,372 - app.database.firebase - WARNING - Firebase Admin SDK not installed. Database operations will be disabled.
2026-06-09 14:58:33,372 - root - INFO - ML models loaded successfully
2026-06-09 14:58:33,372 - root - INFO - Firebase initialized successfully
2026-06-09 14:58:33,372 - root - INFO - Initializing Firebase connection...
2026-06-09 14:58:33,372 - root - INFO - Application startup completed successfully
2026-06-09 14:58:33,373 - app.database.firebase - WARNING - Firebase Admin SDK not installed. Database operations will be disabled.
2026-06-09 14:58:33,373 - root - INFO - Firebase initialized successfully
2026-06-09 14:58:33,374 - root - INFO - Application startup completed successfully
2026-06-09 14:58:36,172 - root - INFO - ==================================================
2026-06-09 14:58:36,173 - root - INFO - Starting Dynamic Pricing Engine Backend
2026-06-09 14:58:36,173 - root - INFO - ==================================================
2026-06-09 14:58:36,173 - root - INFO - Loading ML models...
2026-06-09 14:58:38,160 - app.services.pricing_service - INFO - XGBoost model loaded successfully
2026-06-09 14:58:38,186 - app.services.pricing_service - INFO - Random Forest model loaded successfully
2026-06-09 14:58:38,187 - root - INFO - ML models loaded successfully
2026-06-09 14:58:38,187 - root - INFO - Initializing Firebase connection...
2026-06-09 14:58:38,187 - app.database.firebase - WARNING - Firebase Admin SDK not installed. Database operations will be disabled.
2026-06-09 14:58:38,188 - root - INFO - Firebase initialized successfully
2026-06-09 14:58:38,188 - root - INFO - Application startup completed successfully
2026-06-09 14:58:48,590 - root - INFO - ==================================================
2026-06-09 14:58:48,591 - root - INFO - Starting Dynamic Pricing Engine Backend
2026-06-09 14:58:48,591 - root - INFO - ==================================================
2026-06-09 14:58:48,592 - root - INFO - Loading ML models...
2026-06-09 14:58:53,148 - app.services.pricing_service - INFO - XGBoost model loaded successfully
2026-06-09 14:58:53,294 - app.services.pricing_service - INFO - Random Forest model loaded successfully
2026-06-09 14:58:53,295 - root - INFO - ML models loaded successfully
2026-06-09 14:58:53,297 - root - INFO - Initializing Firebase connection...
2026-06-09 14:58:53,299 - app.database.firebase - WARNING - Firebase Admin SDK not installed. Database operations will be disabled.
2026-06-09 14:58:53,299 - root - INFO - Firebase initialized successfully
2026-06-09 14:58:53,300 - root - INFO - Application startup completed successfully
2026-06-09 15:04:36,123 - app.routes.pricing - INFO - Price prediction request received with model: xgboost
2026-06-09 15:04:36,144 - app.services.pricing_service - INFO - Price prediction successful: {'recommended_price': 1.5, 'model_used': 'XGBoost', 'confidence_score': 88.0, 'price_change_percent': 50.0, 'revenue_impact': 0.0, 'timestamp': '2026-06-09T09:34:36.144234'}
2026-06-09 15:04:36,145 - app.routes.pricing - INFO - Price prediction completed: 1.5
2026-06-09 15:04:50,261 - app.routes.pricing - INFO - Health check: {'status': 'healthy', 'models_loaded': True, 'service': 'pricing', 'timestamp': None}
2026-06-10 12:34:08,598 - root - INFO - ==================================================
2026-06-10 12:34:08,599 - root - INFO - Starting Dynamic Pricing Engine Backend
2026-06-10 12:34:08,600 - root - INFO - ==================================================
2026-06-10 12:34:08,600 - root - INFO - Loading ML models...
2026-06-10 12:34:10,936 - app.services.pricing_service - INFO - XGBoost model loaded successfully
2026-06-10 12:34:10,978 - app.services.pricing_service - INFO - Random Forest model loaded successfully
2026-06-10 12:34:10,979 - root - INFO - ML models loaded successfully
2026-06-10 12:34:10,980 - root - INFO - Initializing Firebase connection...
2026-06-10 12:34:10,981 - app.database.firebase - INFO - Firebase initialized with default credentials
2026-06-10 12:34:14,182 - app.database.firebase - ERROR - Firebase initialization error: Your default credentials were not found. To set up Application Default Credentials, see https://cloud.google.com/docs/authentication/external/set-up-adc for more information.
2026-06-10 12:34:14,183 - root - INFO - Firebase initialized successfully
2026-06-10 12:34:14,184 - root - INFO - Application startup completed successfully
2026-06-10 13:20:41,960 - root - INFO - Health check passed
2026-06-10 13:21:18,511 - app.routes.pricing - INFO - Price prediction request received with model: xgboost
2026-06-10 13:21:18,526 - app.services.pricing_service - INFO - Price prediction successful: {'recommended_price': 816.9, 'model_used': 'XGBoost', 'confidence_score': 96.0, 'price_change_percent': -31.93, 'revenue_impact': -14029.21, 'timestamp': '2026-06-10T07:51:18.526461'}
2026-06-10 13:21:18,526 - app.routes.pricing - INFO - Price prediction completed: 816.9
2026-06-10 13:22:13,124 - root - INFO - Health check passed
2026-06-10 13:22:33,507 - app.routes.pricing - INFO - Price prediction request received with model: xgboost
2026-06-10 13:22:33,517 - app.services.pricing_service - INFO - Price prediction successful: {'recommended_price': 816.9, 'model_used': 'XGBoost', 'confidence_score': 96.0, 'price_change_percent': -31.93, 'revenue_impact': -14029.21, 'timestamp': '2026-06-10T07:52:33.517040'}
2026-06-10 13:22:33,517 - app.routes.pricing - INFO - Price prediction completed: 816.9
2026-06-10 13:22:33,633 - app.routes.pricing - INFO - Price prediction with explanation requested using model: xgboost
2026-06-10 13:22:33,642 - app.services.pricing_service - INFO - Price prediction successful: {'recommended_price': 816.9, 'model_used': 'XGBoost', 'confidence_score': 96.0, 'price_change_percent': -31.93, 'revenue_impact': -14029.21, 'timestamp': '2026-06-10T07:52:33.642327'}
2026-06-10 13:22:33,663 - app.services.pricing_service - INFO - Price prediction with explanation generated successfully
2026-06-10 13:22:33,670 - app.routes.pricing - INFO - Price prediction with explanation completed
2026-06-10 13:22:33,816 - app.routes.forecast - INFO - Demand forecast requested for product PROD-001
2026-06-10 13:22:33,827 - app.services.forecast_service - INFO - Demand forecast generated successfully for 7 days
2026-06-10 13:22:33,827 - app.routes.forecast - INFO - Demand forecast completed for product PROD-001
2026-06-10 13:22:34,032 - app.routes.forecast - INFO - Inventory recommendations requested for product PROD-001
2026-06-10 13:22:34,033 - app.routes.forecast - INFO - Inventory recommendations generated for product PROD-001
2026-06-10 13:22:56,699 - app.routes.competitor - INFO - Competitor analysis requested for product PROD-001
2026-06-10 13:22:56,700 - app.routes.competitor - INFO - Competitor analysis completed for product PROD-001
2026-06-10 13:22:56,828 - app.routes.competitor - INFO - Pricing strategy requested for product PROD-001
2026-06-10 13:22:56,829 - app.routes.competitor - ERROR - Error getting pricing strategy: name 'competitor_prices' is not defined
2026-06-10 13:22:57,003 - app.routes.customer - INFO - Customer segmentation requested
2026-06-10 13:22:57,004 - app.services.segmentation_service - INFO - Customer segmented as VIP
2026-06-10 13:22:57,004 - app.routes.customer - INFO - Customer segmented as: VIP
2026-06-10 13:22:57,106 - app.routes.customer - INFO - Segment definitions requested
2026-06-10 13:23:43,740 - app.routes.competitor - INFO - Competitor analysis requested for product PROD-001
2026-06-10 13:23:43,741 - app.routes.competitor - INFO - Competitor analysis completed for product PROD-001
2026-06-10 13:24:12,469 - app.routes.competitor - INFO - Pricing strategy requested for product PROD-001
2026-06-10 13:24:12,470 - app.routes.competitor - ERROR - Error getting pricing strategy: name 'competitor_prices' is not defined
2026-06-10 13:24:12,604 - app.routes.customer - INFO - Customer segmentation requested
2026-06-10 13:24:12,604 - app.services.segmentation_service - INFO - Customer segmented as VIP
2026-06-10 13:24:12,605 - app.routes.customer - INFO - Customer segmented as: VIP
2026-06-10 13:24:12,718 - app.routes.customer - INFO - Segment definitions requested
2026-06-10 13:24:12,848 - app.routes.pricing - INFO - Health check: {'status': 'healthy', 'models_loaded': True, 'service': 'pricing', 'timestamp': None}
2026-06-10 13:24:32,147 - app.routes.competitor - INFO - Pricing strategy requested for product PROD-001
2026-06-10 13:24:32,148 - app.routes.competitor - ERROR - Error getting pricing strategy: name 'competitor_prices' is not defined
2026-06-10 13:24:52,639 - root - INFO - ==================================================
2026-06-10 13:24:52,640 - root - INFO - Shutting down Dynamic Pricing Engine Backend
2026-06-10 13:24:52,641 - root - INFO - ==================================================
2026-06-10 13:24:52,641 - root - INFO - Application shutdown completed
2026-06-10 13:24:58,956 - root - INFO - ==================================================
2026-06-10 13:24:58,957 - root - INFO - Starting Dynamic Pricing Engine Backend
2026-06-10 13:24:58,957 - root - INFO - ==================================================
2026-06-10 13:24:58,957 - root - INFO - Loading ML models...
2026-06-10 13:25:01,049 - app.services.pricing_service - INFO - XGBoost model loaded successfully
2026-06-10 13:25:01,074 - app.services.pricing_service - INFO - Random Forest model loaded successfully
2026-06-10 13:25:01,075 - root - INFO - ML models loaded successfully
2026-06-10 13:25:01,075 - root - INFO - Initializing Firebase connection...
2026-06-10 13:25:01,076 - app.database.firebase - INFO - Firebase initialized with default credentials
2026-06-10 13:25:04,172 - app.database.firebase - ERROR - Firebase initialization error: Your default credentials were not found. To set up Application Default Credentials, see https://cloud.google.com/docs/authentication/external/set-up-adc for more information.
2026-06-10 13:25:04,172 - root - INFO - Firebase initialized successfully
2026-06-10 13:25:04,172 - root - INFO - Application startup completed successfully
2026-06-10 13:25:43,138 - app.routes.pricing - INFO - Price prediction request received with model: xgboost
2026-06-10 13:25:43,148 - app.services.pricing_service - INFO - Price prediction successful: {'recommended_price': 816.9, 'model_used': 'XGBoost', 'confidence_score': 96.0, 'price_change_percent': -31.93, 'revenue_impact': -14029.21, 'timestamp': '2026-06-10T07:55:43.148552'}
2026-06-10 13:25:43,149 - app.routes.pricing - INFO - Price prediction completed: 816.9
2026-06-10 13:25:43,883 - app.routes.pricing - INFO - Price prediction with explanation requested using model: xgboost
2026-06-10 13:25:43,894 - app.services.pricing_service - INFO - Price prediction successful: {'recommended_price': 816.9, 'model_used': 'XGBoost', 'confidence_score': 96.0, 'price_change_percent': -31.93, 'revenue_impact': -14029.21, 'timestamp': '2026-06-10T07:55:43.893959'}
2026-06-10 13:25:43,911 - app.services.pricing_service - INFO - Price prediction with explanation generated successfully
2026-06-10 13:25:43,911 - app.routes.pricing - INFO - Price prediction with explanation completed
2026-06-10 13:25:44,056 - app.routes.forecast - INFO - Demand forecast requested for product PROD-001
2026-06-10 13:25:44,057 - app.services.forecast_service - INFO - Demand forecast generated successfully for 7 days
2026-06-10 13:25:44,058 - app.routes.forecast - INFO - Demand forecast completed for product PROD-001
2026-06-10 13:25:44,217 - app.routes.forecast - INFO - Inventory recommendations requested for product PROD-001
2026-06-10 13:25:44,218 - app.routes.forecast - INFO - Inventory recommendations generated for product PROD-001
2026-06-10 13:25:44,370 - app.routes.competitor - INFO - Competitor analysis requested for product PROD-001
2026-06-10 13:25:44,370 - app.routes.competitor - INFO - Competitor analysis completed for product PROD-001
2026-06-10 13:25:44,533 - app.routes.competitor - INFO - Pricing strategy requested for product PROD-001
2026-06-10 13:25:44,533 - app.routes.competitor - INFO - Pricing strategy generated for product PROD-001
2026-06-10 13:25:44,688 - app.routes.customer - INFO - Customer segmentation requested
2026-06-10 13:25:44,689 - app.services.segmentation_service - INFO - Customer segmented as VIP
2026-06-10 13:25:44,689 - app.routes.customer - INFO - Customer segmented as: VIP
2026-06-10 13:25:44,820 - app.routes.customer - INFO - Segment definitions requested
2026-06-10 13:26:51,544 - app.routes.pricing - INFO - Price prediction request received with model: xgboost
2026-06-10 13:26:51,556 - app.services.pricing_service - INFO - Price prediction successful: {'recommended_price': 816.9, 'model_used': 'XGBoost', 'confidence_score': 96.0, 'price_change_percent': -31.93, 'revenue_impact': -14029.21, 'timestamp': '2026-06-10T07:56:51.556346'}
2026-06-10 13:26:51,557 - app.routes.pricing - INFO - Price prediction completed: 816.9
2026-06-10 13:26:51,673 - app.routes.competitor - INFO - Competitor analysis requested for product PROD-001
2026-06-10 13:26:51,674 - app.routes.competitor - INFO - Competitor analysis completed for product PROD-001
2026-06-10 13:26:51,736 - app.routes.pricing - INFO - Price prediction request received with model: xgboost
2026-06-10 13:26:51,744 - app.services.pricing_service - INFO - Price prediction successful: {'recommended_price': 816.9, 'model_used': 'XGBoost', 'confidence_score': 96.0, 'price_change_percent': -31.93, 'revenue_impact': -14029.21, 'timestamp': '2026-06-10T07:56:51.744417'}
2026-06-10 13:26:51,744 - app.routes.pricing - INFO - Price prediction completed: 816.9
2026-06-10 13:26:51,799 - app.routes.pricing - INFO - Price prediction with explanation requested using model: xgboost
2026-06-10 13:26:51,813 - app.services.pricing_service - INFO - Price prediction successful: {'recommended_price': 816.9, 'model_used': 'XGBoost', 'confidence_score': 96.0, 'price_change_percent': -31.93, 'revenue_impact': -14029.21, 'timestamp': '2026-06-10T07:56:51.813440'}
2026-06-10 13:26:51,839 - app.services.pricing_service - INFO - Price prediction with explanation generated successfully
2026-06-10 13:26:51,840 - app.routes.pricing - INFO - Price prediction with explanation completed
2026-06-10 13:26:51,895 - app.routes.forecast - INFO - Demand forecast requested for product PROD-001
2026-06-10 13:26:51,896 - app.services.forecast_service - INFO - Demand forecast generated successfully for 7 days
2026-06-10 13:26:51,897 - app.routes.forecast - INFO - Demand forecast completed for product PROD-001
2026-06-10 13:26:51,937 - app.routes.forecast - INFO - Inventory recommendations requested for product PROD-001
2026-06-10 13:26:51,937 - app.routes.forecast - INFO - Inventory recommendations generated for product PROD-001
2026-06-10 13:26:51,980 - app.routes.competitor - INFO - Competitor analysis requested for product PROD-001
2026-06-10 13:26:51,981 - app.routes.competitor - INFO - Competitor analysis completed for product PROD-001
2026-06-10 13:26:52,020 - app.routes.competitor - INFO - Pricing strategy requested for product PROD-001
2026-06-10 13:26:52,021 - app.routes.competitor - INFO - Pricing strategy generated for product PROD-001
2026-06-10 13:26:52,062 - app.routes.customer - INFO - Customer segmentation requested
2026-06-10 13:26:52,063 - app.services.segmentation_service - INFO - Customer segmented as VIP
2026-06-10 13:26:52,063 - app.routes.customer - INFO - Customer segmented as: VIP
2026-06-10 13:26:52,109 - app.routes.customer - INFO - Segment definitions requested
2026-06-10 13:26:52,152 - root - INFO - Health check passed
2026-06-10 13:27:44,607 - app.routes.pricing - INFO - Price prediction request received with model: xgboost
2026-06-10 13:27:44,765 - app.services.pricing_service - INFO - Price prediction successful: {'recommended_price': 816.9, 'model_used': 'XGBoost', 'confidence_score': 96.0, 'price_change_percent': -31.93, 'revenue_impact': -14029.21, 'timestamp': '2026-06-10T07:57:44.765585'}
2026-06-10 13:27:44,768 - app.routes.pricing - INFO - Price prediction completed: 816.9
2026-06-10 13:27:44,825 - app.routes.competitor - INFO - Competitor analysis requested for product prod-001
2026-06-10 13:27:44,840 - app.routes.competitor - INFO - Competitor analysis completed for product prod-001
2026-06-10 13:28:36,748 - app.routes.pricing - INFO - Price prediction request received with model: xgboost
2026-06-10 13:28:36,805 - app.services.pricing_service - INFO - Price prediction successful: {'recommended_price': 1.5, 'model_used': 'XGBoost', 'confidence_score': 88.0, 'price_change_percent': 50.0, 'revenue_impact': 0.0, 'timestamp': '2026-06-10T07:58:36.805381'}
2026-06-10 13:28:36,807 - app.routes.pricing - INFO - Price prediction completed: 1.5
2026-06-10 13:29:00,883 - app.routes.forecast - INFO - Health check: {'status': 'healthy', 'service': 'forecast', 'timestamp': None}
2026-06-10 13:29:29,709 - app.routes.pricing - INFO - Price prediction request received with model: xgboost
2026-06-10 13:29:29,802 - app.services.pricing_service - INFO - Price prediction successful: {'recommended_price': 816.9, 'model_used': 'XGBoost', 'confidence_score': 96.0, 'price_change_percent': -31.93, 'revenue_impact': -14029.21, 'timestamp': '2026-06-10T07:59:29.802133'}
2026-06-10 13:29:29,804 - app.routes.pricing - INFO - Price prediction completed: 816.9
2026-06-10 13:29:35,091 - app.routes.forecast - INFO - Demand forecast requested for product PROD-001
2026-06-10 13:29:35,104 - app.services.forecast_service - INFO - Demand forecast generated successfully for 30 days
2026-06-10 13:29:35,111 - app.routes.forecast - INFO - Demand forecast completed for product PROD-001
2026-06-10 13:31:03,154 - app.routes.forecast - INFO - Demand forecast requested for product PROD-001
2026-06-10 13:31:03,155 - app.services.forecast_service - INFO - Demand forecast generated successfully for 7 days
2026-06-10 13:31:03,156 - app.routes.forecast - INFO - Demand forecast completed for product PROD-001
2026-06-10 13:32:05,293 - app.routes.forecast - INFO - Demand forecast requested for product PROD-001
2026-06-10 13:32:05,294 - app.services.forecast_service - INFO - Demand forecast generated successfully for 7 days
2026-06-10 13:32:05,294 - app.routes.forecast - INFO - Demand forecast completed for product PROD-001
2026-06-10 13:32:28,983 - app.routes.customer - INFO - Segment definitions requested
2026-06-10 13:32:34,662 - app.routes.customer - INFO - Customer segmentation requested
2026-06-10 13:32:34,695 - app.services.segmentation_service - INFO - Customer segmented as VIP
2026-06-10 13:32:34,800 - app.routes.customer - INFO - Customer segmented as: VIP
2026-06-10 13:32:41,330 - app.routes.forecast - INFO - Demand forecast requested for product PROD-001
2026-06-10 13:32:41,345 - app.services.forecast_service - INFO - Demand forecast generated successfully for 7 days
2026-06-10 13:32:41,365 - app.routes.forecast - INFO - Demand forecast completed for product PROD-001
2026-06-10 13:32:45,641 - app.routes.competitor - INFO - Competitor analysis requested for product PROD-001
2026-06-10 13:32:45,650 - app.routes.competitor - INFO - Competitor analysis completed for product PROD-001
2026-06-10 13:32:46,042 - app.routes.competitor - INFO - Pricing strategy requested for product PROD-001
2026-06-10 13:32:46,185 - app.routes.competitor - INFO - Pricing strategy generated for product PROD-001
2026-06-10 13:32:52,763 - app.routes.competitor - INFO - Competitor analysis requested for product PROD-001
2026-06-10 13:32:52,811 - app.routes.competitor - INFO - Competitor analysis completed for product PROD-001
2026-06-10 13:32:53,198 - app.routes.competitor - INFO - Pricing strategy requested for product PROD-001
2026-06-10 13:32:53,340 - app.routes.competitor - INFO - Pricing strategy generated for product PROD-001
2026-06-10 14:00:14,147 - app.routes.pricing - INFO - Price prediction request received with model: xgboost
2026-06-10 14:00:14,379 - app.services.pricing_service - INFO - Price prediction successful: {'recommended_price': 816.9, 'model_used': 'XGBoost', 'confidence_score': 96.0, 'price_change_percent': -31.93, 'revenue_impact': -14029.21, 'timestamp': '2026-06-10T08:30:14.379529'}
2026-06-10 14:00:14,391 - app.routes.pricing - INFO - Price prediction completed: 816.9
2026-06-10 14:00:14,485 - app.routes.competitor - INFO - Competitor analysis requested for product prod-001
2026-06-10 14:00:14,495 - app.routes.competitor - INFO - Competitor analysis completed for product prod-001
2026-06-10 14:00:26,237 - app.routes.pricing - INFO - Price prediction request received with model: xgboost
2026-06-10 14:00:26,444 - app.services.pricing_service - INFO - Price prediction successful: {'recommended_price': 816.9, 'model_used': 'XGBoost', 'confidence_score': 96.0, 'price_change_percent': -31.93, 'revenue_impact': -14029.21, 'timestamp': '2026-06-10T08:30:26.444485'}
2026-06-10 14:00:26,450 - app.routes.pricing - INFO - Price prediction completed: 816.9
2026-06-10 14:00:33,854 - app.routes.pricing - INFO - Price prediction request received with model: xgboost
2026-06-10 14:00:34,023 - app.services.pricing_service - INFO - Price prediction successful: {'recommended_price': 816.9, 'model_used': 'XGBoost', 'confidence_score': 96.0, 'price_change_percent': -31.93, 'revenue_impact': -14029.21, 'timestamp': '2026-06-10T08:30:34.022887'}
2026-06-10 14:00:34,025 - app.routes.pricing - INFO - Price prediction completed: 816.9
2026-06-10 14:00:37,795 - app.routes.forecast - INFO - Demand forecast requested for product PROD-001
2026-06-10 14:00:37,806 - app.services.forecast_service - INFO - Demand forecast generated successfully for 30 days
2026-06-10 14:00:37,811 - app.routes.forecast - INFO - Demand forecast completed for product PROD-001
2026-06-10 14:00:37,958 - app.routes.forecast - INFO - Inventory recommendations requested for product PROD-001
2026-06-10 14:00:37,972 - app.routes.forecast - INFO - Inventory recommendations generated for product PROD-001
2026-06-10 14:00:50,466 - app.routes.customer - INFO - Segment definitions requested
2026-06-10 14:00:53,487 - app.routes.customer - INFO - Customer segmentation requested
2026-06-10 14:00:53,492 - app.services.segmentation_service - INFO - Customer segmented as VIP
2026-06-10 14:00:53,497 - app.routes.customer - INFO - Customer segmented as: VIP
2026-06-10 14:00:59,287 - app.routes.competitor - INFO - Competitor analysis requested for product PROD-001
2026-06-10 14:00:59,290 - app.routes.competitor - INFO - Competitor analysis completed for product PROD-001
2026-06-10 14:00:59,324 - app.routes.competitor - INFO - Pricing strategy requested for product PROD-001
2026-06-10 14:00:59,332 - app.routes.competitor - INFO - Pricing strategy generated for product PROD-001
2026-06-10 14:01:03,238 - app.routes.pricing - INFO - Health check: {'status': 'healthy', 'models_loaded': True, 'service': 'pricing', 'timestamp': None}
2026-06-10 14:01:15,677 - app.routes.pricing - INFO - Price prediction request received with model: xgboost
2026-06-10 14:01:15,753 - app.services.pricing_service - INFO - Price prediction successful: {'recommended_price': 816.9, 'model_used': 'XGBoost', 'confidence_score': 96.0, 'price_change_percent': -31.93, 'revenue_impact': -14029.21, 'timestamp': '2026-06-10T08:31:15.753480'}
2026-06-10 14:01:15,754 - app.routes.pricing - INFO - Price prediction completed: 816.9
2026-06-10 14:01:15,762 - app.routes.competitor - INFO - Competitor analysis requested for product prod-001
2026-06-10 14:01:15,765 - app.routes.competitor - INFO - Competitor analysis completed for product prod-001
2026-06-10 14:02:34,789 - app.routes.pricing - INFO - Price prediction request received with model: xgboost
2026-06-10 14:02:34,795 - app.services.pricing_service - INFO - Price prediction successful: {'recommended_price': 816.9, 'model_used': 'XGBoost', 'confidence_score': 96.0, 'price_change_percent': -31.93, 'revenue_impact': -14029.21, 'timestamp': '2026-06-10T08:32:34.795862'}
2026-06-10 14:02:34,796 - app.routes.pricing - INFO - Price prediction completed: 816.9
2026-06-10 14:02:34,998 - app.routes.competitor - INFO - Competitor analysis requested for product PROD-001
2026-06-10 14:02:34,999 - app.routes.competitor - INFO - Competitor analysis completed for product PROD-001
2026-06-10 14:02:44,764 - app.routes.pricing - INFO - Price prediction request received with model: xgboost
2026-06-10 14:02:44,774 - app.services.pricing_service - INFO - Price prediction successful: {'recommended_price': 816.9, 'model_used': 'XGBoost', 'confidence_score': 96.0, 'price_change_percent': -31.93, 'revenue_impact': -14029.21, 'timestamp': '2026-06-10T08:32:44.774495'}
2026-06-10 14:02:44,775 - app.routes.pricing - INFO - Price prediction completed: 816.9
2026-06-10 14:27:50,655 - app.routes.pricing - INFO - Price prediction request received with model: xgboost
2026-06-10 14:27:50,669 - app.services.pricing_service - INFO - Price prediction successful: {'recommended_price': 816.9, 'model_used': 'XGBoost', 'confidence_score': 96.0, 'price_change_percent': -31.93, 'revenue_impact': -14029.21, 'timestamp': '2026-06-10T08:57:50.669293'}
2026-06-10 14:27:50,669 - app.routes.pricing - INFO - Price prediction completed: 816.9
2026-06-10 14:27:50,755 - app.routes.competitor - INFO - Competitor analysis requested for product PROD-001
2026-06-10 14:27:50,756 - app.routes.competitor - INFO - Competitor analysis completed for product PROD-001
2026-06-10 14:27:50,810 - app.routes.pricing - INFO - Price prediction request received with model: xgboost
2026-06-10 14:27:50,823 - app.services.pricing_service - INFO - Price prediction successful: {'recommended_price': 816.9, 'model_used': 'XGBoost', 'confidence_score': 96.0, 'price_change_percent': -31.93, 'revenue_impact': -14029.21, 'timestamp': '2026-06-10T08:57:50.823364'}
2026-06-10 14:27:50,826 - app.routes.pricing - INFO - Price prediction completed: 816.9
2026-06-10 14:27:50,879 - app.routes.pricing - INFO - Price prediction with explanation requested using model: xgboost
2026-06-10 14:27:50,887 - app.services.pricing_service - INFO - Price prediction successful: {'recommended_price': 816.9, 'model_used': 'XGBoost', 'confidence_score': 96.0, 'price_change_percent': -31.93, 'revenue_impact': -14029.21, 'timestamp': '2026-06-10T08:57:50.887220'}
2026-06-10 14:27:50,902 - app.services.pricing_service - INFO - Price prediction with explanation generated successfully
2026-06-10 14:27:50,902 - app.routes.pricing - INFO - Price prediction with explanation completed
2026-06-10 14:27:50,954 - app.routes.forecast - INFO - Demand forecast requested for product PROD-001
2026-06-10 14:27:50,956 - app.services.forecast_service - INFO - Demand forecast generated successfully for 7 days
2026-06-10 14:27:50,956 - app.routes.forecast - INFO - Demand forecast completed for product PROD-001
2026-06-10 14:27:50,996 - app.routes.forecast - INFO - Inventory recommendations requested for product PROD-001
2026-06-10 14:27:50,996 - app.routes.forecast - INFO - Inventory recommendations generated for product PROD-001
2026-06-10 14:27:51,037 - app.routes.competitor - INFO - Competitor analysis requested for product PROD-001
2026-06-10 14:27:51,038 - app.routes.competitor - INFO - Competitor analysis completed for product PROD-001
2026-06-10 14:27:51,078 - app.routes.competitor - INFO - Pricing strategy requested for product PROD-001
2026-06-10 14:27:51,079 - app.routes.competitor - INFO - Pricing strategy generated for product PROD-001
2026-06-10 14:27:51,149 - app.routes.customer - INFO - Customer segmentation requested
2026-06-10 14:27:51,150 - app.services.segmentation_service - INFO - Customer segmented as VIP
2026-06-10 14:27:51,150 - app.routes.customer - INFO - Customer segmented as: VIP
2026-06-10 14:27:51,201 - app.routes.customer - INFO - Segment definitions requested
2026-06-10 14:27:51,263 - root - INFO - Health check passed
2026-06-10 15:18:50,155 - app.routes.pricing - INFO - Price prediction request received with model: xgboost
2026-06-10 15:18:50,330 - app.services.pricing_service - INFO - Price prediction successful: {'recommended_price': 816.9, 'model_used': 'XGBoost', 'confidence_score': 96.0, 'price_change_percent': -31.93, 'revenue_impact': -14029.21, 'timestamp': '2026-06-10T09:48:50.330113'}
2026-06-10 15:18:50,333 - app.routes.pricing - INFO - Price prediction completed: 816.9
2026-06-10 15:18:50,374 - app.routes.competitor - INFO - Competitor analysis requested for product prod-001
2026-06-10 15:18:50,397 - app.routes.competitor - INFO - Competitor analysis completed for product prod-001
2026-06-10 15:22:12,884 - app.routes.pricing - INFO - Health check: {'status': 'healthy', 'models_loaded': True, 'service': 'pricing', 'timestamp': None}
2026-06-10 15:22:55,655 - app.routes.pricing - INFO - Price prediction request received with model: xgboost
2026-06-10 15:22:55,885 - app.services.pricing_service - INFO - Price prediction successful: {'recommended_price': 816.9, 'model_used': 'XGBoost', 'confidence_score': 96.0, 'price_change_percent': -31.93, 'revenue_impact': -14029.21, 'timestamp': '2026-06-10T09:52:55.885313'}
2026-06-10 15:22:55,898 - app.routes.pricing - INFO - Price prediction completed: 816.9
2026-06-10 15:22:55,948 - app.routes.competitor - INFO - Competitor analysis requested for product prod-001
2026-06-10 15:22:55,960 - app.routes.competitor - INFO - Competitor analysis completed for product prod-001
2026-06-10 20:59:21,630 - root - INFO - ==================================================
2026-06-10 20:59:21,631 - root - INFO - Starting Dynamic Pricing Engine Backend
2026-06-10 20:59:21,632 - root - INFO - ==================================================
2026-06-10 20:59:21,632 - root - INFO - Loading ML models...
2026-06-10 20:59:32,500 - app.services.pricing_service - INFO - XGBoost model loaded successfully
2026-06-10 20:59:32,541 - app.services.pricing_service - INFO - Random Forest model loaded successfully
2026-06-10 20:59:32,542 - root - INFO - ML models loaded successfully
2026-06-10 20:59:32,542 - root - INFO - Initializing Firebase connection...
2026-06-10 20:59:32,546 - app.database.firebase - INFO - Firebase initialized with default credentials
2026-06-10 20:59:44,657 - app.database.firebase - ERROR - Firebase initialization error: Your default credentials were not found. To set up Application Default Credentials, see https://cloud.google.com/docs/authentication/external/set-up-adc for more information.
2026-06-10 20:59:44,659 - root - INFO - Firebase initialized successfully
2026-06-10 20:59:44,660 - root - INFO - Application startup completed successfully
2026-06-10 21:00:02,089 - app.routes.chat - INFO - Chat message received: 'predict price'
2026-06-10 21:00:02,102 - app.services.pricing_service - INFO - Price prediction successful: {'recommended_price': 816.9, 'model_used': 'XGBoost', 'confidence_score': 96.0, 'price_change_percent': -31.93, 'revenue_impact': -14029.21, 'timestamp': '2026-06-10T15:30:02.102890'}
2026-06-10 21:00:10,865 - app.routes.chat - INFO - Chat message received: 'forecast demand'
2026-06-10 21:00:25,998 - app.routes.chat - INFO - Chat message received: 'run forecast'
2026-06-10 21:01:06,119 - app.routes.chat - INFO - Chat message received: 'forecast demand'
2026-06-10 21:01:06,257 - root - INFO - ==================================================
2026-06-10 21:01:06,259 - root - INFO - Shutting down Dynamic Pricing Engine Backend
2026-06-10 21:01:06,259 - root - INFO - ==================================================
2026-06-10 21:01:06,260 - root - INFO - Application shutdown completed
2026-06-10 21:01:10,529 - root - INFO - ==================================================
2026-06-10 21:01:10,530 - root - INFO - Starting Dynamic Pricing Engine Backend
2026-06-10 21:01:10,531 - root - INFO - ==================================================
2026-06-10 21:01:10,532 - root - INFO - Loading ML models...
2026-06-10 21:01:11,890 - app.services.pricing_service - INFO - XGBoost model loaded successfully
2026-06-10 21:01:11,929 - app.services.pricing_service - INFO - Random Forest model loaded successfully
2026-06-10 21:01:11,929 - root - INFO - ML models loaded successfully
2026-06-10 21:01:11,930 - root - INFO - Initializing Firebase connection...
2026-06-10 21:01:11,931 - app.database.firebase - INFO - Firebase initialized with default credentials
2026-06-10 21:01:23,753 - app.database.firebase - ERROR - Firebase initialization error: Your default credentials were not found. To set up Application Default Credentials, see https://cloud.google.com/docs/authentication/external/set-up-adc for more information.
2026-06-10 21:01:23,754 - root - INFO - Firebase initialized successfully
2026-06-10 21:01:23,754 - root - INFO - Application startup completed successfully
2026-06-10 21:01:45,059 - app.routes.chat - INFO - Chat message received: 'run forecast now'
2026-06-10 21:01:45,079 - app.services.forecast_service - INFO - Demand forecast generated successfully for 7 days
2026-06-10 21:01:58,091 - app.routes.chat - INFO - Chat message received: 'hello'
2026-06-10 21:01:58,101 - app.routes.chat - INFO - Chat message received: 'help'
2026-06-10 21:01:58,106 - app.routes.chat - INFO - Chat message received: 'predict price'
2026-06-10 21:01:58,114 - app.services.pricing_service - INFO - Price prediction successful: {'recommended_price': 816.9, 'model_used': 'XGBoost', 'confidence_score': 96.0, 'price_change_percent': -31.93, 'revenue_impact': -14029.21, 'timestamp': '2026-06-10T15:31:58.114300'}
2026-06-10 21:01:58,120 - app.routes.chat - INFO - Chat message received: 'analyze competitors'
2026-06-10 21:01:58,125 - app.routes.chat - INFO - Chat message received: 'segment customer'
2026-06-10 21:01:58,130 - app.routes.chat - INFO - Chat message received: 'run forecast'
2026-06-10 21:01:58,132 - app.services.forecast_service - INFO - Demand forecast generated successfully for 7 days
2026-06-10 21:01:58,137 - app.routes.chat - INFO - Chat message received: 'pricing tips'
2026-06-10 21:01:58,144 - app.routes.chat - INFO - Chat message received: 'what is dynamic pricing'
2026-06-10 21:01:58,150 - app.routes.chat - INFO - Chat message received: 'explain xgboost'
2026-06-10 21:01:58,157 - app.routes.chat - INFO - Chat message received: 'inventory tips'
2026-06-10 21:02:39,200 - app.routes.chat - INFO - Chat message received: 'classify customer'
2026-06-10 21:02:39,204 - app.services.segmentation_service - INFO - Customer segmented as VIP
2026-06-10 21:02:39,352 - root - INFO - ==================================================
2026-06-10 21:02:39,353 - root - INFO - Shutting down Dynamic Pricing Engine Backend
2026-06-10 21:02:39,354 - root - INFO - ==================================================
2026-06-10 21:02:39,355 - root - INFO - Application shutdown completed
2026-06-10 21:02:43,400 - root - INFO - ==================================================
2026-06-10 21:02:43,400 - root - INFO - Starting Dynamic Pricing Engine Backend
2026-06-10 21:02:43,401 - root - INFO - ==================================================
2026-06-10 21:02:43,402 - root - INFO - Loading ML models...
2026-06-10 21:02:44,702 - app.services.pricing_service - INFO - XGBoost model loaded successfully
2026-06-10 21:02:44,743 - app.services.pricing_service - INFO - Random Forest model loaded successfully
2026-06-10 21:02:44,744 - root - INFO - ML models loaded successfully
2026-06-10 21:02:44,746 - root - INFO - Initializing Firebase connection...
2026-06-10 21:02:44,747 - app.database.firebase - INFO - Firebase initialized with default credentials
2026-06-10 21:02:56,693 - app.database.firebase - ERROR - Firebase initialization error: Your default credentials were not found. To set up Application Default Credentials, see https://cloud.google.com/docs/authentication/external/set-up-adc for more information.
2026-06-10 21:02:56,695 - root - INFO - Firebase initialized successfully
2026-06-10 21:02:56,696 - root - INFO - Application startup completed successfully
2026-06-10 21:04:57,303 - root - INFO - Health check passed
2026-06-10 21:04:57,410 - app.routes.chat - INFO - Chat message received: 'hello'
2026-06-10 21:04:57,500 - app.routes.chat - INFO - Chat message received: 'predict price'
2026-06-10 21:04:57,510 - app.services.pricing_service - INFO - Price prediction successful: {'recommended_price': 816.9, 'model_used': 'XGBoost', 'confidence_score': 96.0, 'price_change_percent': -31.93, 'revenue_impact': -14029.21, 'timestamp': '2026-06-10T15:34:57.510210'}
2026-06-10 21:04:57,708 - app.routes.chat - INFO - Chat message received: 'run forecast'
2026-06-10 21:04:57,712 - app.services.forecast_service - INFO - Demand forecast generated successfully for 7 days
2026-06-10 21:04:57,865 - app.routes.chat - INFO - Chat message received: 'analyze competitors'
2026-06-10 21:05:03,899 - root - INFO - Health check passed
2026-06-10 21:05:14,738 - app.routes.chat - INFO - Chat message received: 'hello'
2026-06-10 21:05:24,094 - app.routes.chat - INFO - Chat message received: 'predict price'
2026-06-10 21:05:24,103 - app.services.pricing_service - INFO - Price prediction successful: {'recommended_price': 816.9, 'model_used': 'XGBoost', 'confidence_score': 96.0, 'price_change_percent': -31.93, 'revenue_impact': -14029.21, 'timestamp': '2026-06-10T15:35:24.103250'}
2026-06-10 21:05:56,674 - app.routes.pricing - INFO - Price prediction request received with model: xgboost
2026-06-10 21:05:56,682 - app.services.pricing_service - INFO - Price prediction successful: {'recommended_price': 816.9, 'model_used': 'XGBoost', 'confidence_score': 96.0, 'price_change_percent': -31.93, 'revenue_impact': -14029.21, 'timestamp': '2026-06-10T15:35:56.682855'}
2026-06-10 21:05:56,683 - app.routes.pricing - INFO - Price prediction completed: 816.9
2026-06-10 21:05:56,696 - app.routes.competitor - INFO - Competitor analysis requested for product prod-001
2026-06-10 21:05:56,697 - app.routes.competitor - INFO - Competitor analysis completed for product prod-001
2026-06-10 21:06:01,344 - app.routes.pricing - INFO - Price prediction request received with model: xgboost
2026-06-10 21:06:01,356 - app.services.pricing_service - INFO - Price prediction successful: {'recommended_price': 816.9, 'model_used': 'XGBoost', 'confidence_score': 96.0, 'price_change_percent': -31.93, 'revenue_impact': -14029.21, 'timestamp': '2026-06-10T15:36:01.356661'}
2026-06-10 21:06:01,357 - app.routes.pricing - INFO - Price prediction completed: 816.9
2026-06-10 21:06:09,185 - app.routes.customer - INFO - Segment definitions requested
2026-06-10 21:06:13,188 - app.routes.customer - INFO - Customer segmentation requested
2026-06-10 21:06:13,190 - app.services.segmentation_service - INFO - Customer segmented as VIP
2026-06-10 21:06:13,192 - app.routes.customer - INFO - Customer segmented as: VIP
2026-06-10 21:06:19,720 - app.routes.competitor - INFO - Competitor analysis requested for product PROD-001
2026-06-10 21:06:19,722 - app.routes.competitor - INFO - Competitor analysis completed for product PROD-001
2026-06-10 21:06:19,730 - app.routes.competitor - INFO - Pricing strategy requested for product PROD-001
2026-06-10 21:06:19,731 - app.routes.competitor - INFO - Pricing strategy generated for product PROD-001
2026-06-10 21:06:23,017 - app.routes.pricing - INFO - Health check: {'status': 'healthy', 'models_loaded': True, 'service': 'pricing', 'timestamp': None}
2026-06-10 21:06:28,137 - app.routes.pricing - INFO - Price prediction request received with model: xgboost
2026-06-10 21:06:28,148 - app.services.pricing_service - INFO - Price prediction successful: {'recommended_price': 816.9, 'model_used': 'XGBoost', 'confidence_score': 96.0, 'price_change_percent': -31.93, 'revenue_impact': -14029.21, 'timestamp': '2026-06-10T15:36:28.148016'}
2026-06-10 21:06:28,150 - app.routes.pricing - INFO - Price prediction completed: 816.9
2026-06-10 21:06:28,324 - app.routes.competitor - INFO - Competitor analysis requested for product prod-001
2026-06-10 21:06:28,325 - app.routes.competitor - INFO - Competitor analysis completed for product prod-001
2026-06-10 21:07:12,407 - app.routes.pricing - INFO - Price prediction request received with model: xgboost
2026-06-10 21:07:12,415 - app.services.pricing_service - INFO - Price prediction successful: {'recommended_price': 816.9, 'model_used': 'XGBoost', 'confidence_score': 96.0, 'price_change_percent': -31.93, 'revenue_impact': -14029.21, 'timestamp': '2026-06-10T15:37:12.415072'}
2026-06-10 21:07:12,416 - app.routes.pricing - INFO - Price prediction completed: 816.9
2026-06-10 21:07:21,712 - app.routes.pricing - INFO - Price prediction with explanation requested using model: xgboost
2026-06-10 21:07:21,721 - app.services.pricing_service - INFO - Price prediction successful: {'recommended_price': 816.9, 'model_used': 'XGBoost', 'confidence_score': 96.0, 'price_change_percent': -31.93, 'revenue_impact': -14029.21, 'timestamp': '2026-06-10T15:37:21.721173'}
2026-06-10 21:07:21,741 - app.services.pricing_service - INFO - Price prediction with explanation generated successfully
2026-06-10 21:07:21,742 - app.routes.pricing - INFO - Price prediction with explanation completed
2026-06-10 21:07:33,615 - app.routes.forecast - INFO - Demand forecast requested for product PROD-001
2026-06-10 21:07:33,618 - app.services.forecast_service - INFO - Demand forecast generated successfully for 30 days
2026-06-10 21:07:33,619 - app.routes.forecast - INFO - Demand forecast completed for product PROD-001
2026-06-10 21:07:33,655 - app.routes.forecast - INFO - Inventory recommendations requested for product PROD-001
2026-06-10 21:07:33,657 - app.routes.forecast - INFO - Inventory recommendations generated for product PROD-001
2026-06-10 21:07:50,433 - app.routes.customer - INFO - Segment definitions requested
2026-06-10 21:07:58,882 - app.routes.customer - INFO - Customer segmentation requested
2026-06-10 21:07:58,883 - app.services.segmentation_service - INFO - Customer segmented as VIP
2026-06-10 21:07:58,884 - app.routes.customer - INFO - Customer segmented as: VIP
2026-06-10 21:08:14,245 - app.routes.competitor - INFO - Competitor analysis requested for product PROD-001
2026-06-10 21:08:14,248 - app.routes.competitor - INFO - Competitor analysis completed for product PROD-001
2026-06-10 21:08:14,267 - app.routes.competitor - INFO - Pricing strategy requested for product PROD-001
2026-06-10 21:08:14,269 - app.routes.competitor - INFO - Pricing strategy generated for product PROD-001
2026-06-10 21:08:22,954 - app.routes.pricing - INFO - Health check: {'status': 'healthy', 'models_loaded': True, 'service': 'pricing', 'timestamp': None}
2026-06-10 21:08:49,867 - app.routes.chat - INFO - Chat message received: 'yes'
2026-06-10 21:08:59,079 - app.routes.pricing - INFO - Price prediction request received with model: xgboost
2026-06-10 21:08:59,087 - app.services.pricing_service - INFO - Price prediction successful: {'recommended_price': 816.9, 'model_used': 'XGBoost', 'confidence_score': 96.0, 'price_change_percent': -31.93, 'revenue_impact': -14029.21, 'timestamp': '2026-06-10T15:38:59.087602'}
2026-06-10 21:08:59,088 - app.routes.pricing - INFO - Price prediction completed: 816.9
2026-06-10 21:08:59,101 - app.routes.competitor - INFO - Competitor analysis requested for product prod-001
2026-06-10 21:08:59,103 - app.routes.competitor - INFO - Competitor analysis completed for product prod-001
2026-06-10 21:11:15,729 - app.routes.pricing - INFO - Price prediction request received with model: xgboost
2026-06-10 21:11:15,738 - app.services.pricing_service - INFO - Price prediction successful: {'recommended_price': 816.9, 'model_used': 'XGBoost', 'confidence_score': 96.0, 'price_change_percent': -31.93, 'revenue_impact': -14030.1, 'timestamp': '2026-06-10T15:41:15.738901'}
2026-06-10 21:11:15,739 - app.routes.pricing - INFO - Price prediction completed: 816.9
2026-06-10 21:11:25,604 - app.routes.pricing - INFO - Price prediction with explanation requested using model: xgboost
2026-06-10 21:11:25,620 - app.services.pricing_service - INFO - Price prediction successful: {'recommended_price': 816.9, 'model_used': 'XGBoost', 'confidence_score': 96.0, 'price_change_percent': -31.93, 'revenue_impact': -14030.1, 'timestamp': '2026-06-10T15:41:25.620777'}
2026-06-10 21:11:25,650 - app.services.pricing_service - INFO - Price prediction with explanation generated successfully
2026-06-10 21:11:25,651 - app.routes.pricing - INFO - Price prediction with explanation completed
2026-06-10 21:11:38,460 - app.routes.pricing - INFO - Price prediction request received with model: xgboost
2026-06-10 21:11:38,469 - app.services.pricing_service - INFO - Price prediction successful: {'recommended_price': 816.9, 'model_used': 'XGBoost', 'confidence_score': 96.0, 'price_change_percent': -45.54, 'revenue_impact': -54930.23, 'timestamp': '2026-06-10T15:41:38.469359'}
2026-06-10 21:11:38,470 - app.routes.pricing - INFO - Price prediction completed: 816.9
2026-06-10 21:11:41,350 - app.routes.pricing - INFO - Price prediction with explanation requested using model: xgboost
2026-06-10 21:11:41,361 - app.services.pricing_service - INFO - Price prediction successful: {'recommended_price': 816.9, 'model_used': 'XGBoost', 'confidence_score': 96.0, 'price_change_percent': -45.54, 'revenue_impact': -54930.23, 'timestamp': '2026-06-10T15:41:41.361057'}
2026-06-10 21:11:41,379 - app.services.pricing_service - INFO - Price prediction with explanation generated successfully
2026-06-10 21:11:41,379 - app.routes.pricing - INFO - Price prediction with explanation completed
2026-06-10 21:12:04,486 - app.routes.forecast - INFO - Demand forecast requested for product PROD-001
2026-06-10 21:12:04,489 - app.services.forecast_service - INFO - Demand forecast generated successfully for 30 days
2026-06-10 21:12:04,490 - app.routes.forecast - INFO - Demand forecast completed for product PROD-001
2026-06-10 21:12:04,534 - app.routes.forecast - INFO - Inventory recommendations requested for product PROD-001
2026-06-10 21:12:04,534 - app.routes.forecast - INFO - Inventory recommendations generated for product PROD-001
2026-06-10 21:12:14,172 - app.routes.customer - INFO - Segment definitions requested
2026-06-10 21:12:25,157 - app.routes.customer - INFO - Customer segmentation requested
2026-06-10 21:12:25,158 - app.services.segmentation_service - INFO - Customer segmented as VIP
2026-06-10 21:12:25,158 - app.routes.customer - INFO - Customer segmented as: VIP
2026-06-10 21:12:45,119 - app.routes.competitor - INFO - Competitor analysis requested for product PROD-001
2026-06-10 21:12:45,124 - app.routes.competitor - INFO - Competitor analysis completed for product PROD-001
2026-06-10 21:12:45,150 - app.routes.competitor - INFO - Pricing strategy requested for product PROD-001
2026-06-10 21:12:45,150 - app.routes.competitor - INFO - Pricing strategy generated for product PROD-001
2026-06-10 21:12:57,582 - app.routes.pricing - INFO - Health check: {'status': 'healthy', 'models_loaded': True, 'service': 'pricing', 'timestamp': None}
2026-06-10 21:13:15,878 - app.routes.chat - INFO - Chat message received: 'predict price'
2026-06-10 21:13:15,886 - app.services.pricing_service - INFO - Price prediction successful: {'recommended_price': 816.9, 'model_used': 'XGBoost', 'confidence_score': 96.0, 'price_change_percent': -31.93, 'revenue_impact': -14029.21, 'timestamp': '2026-06-10T15:43:15.886802'}
2026-06-10 21:13:21,802 - app.routes.chat - INFO - Chat message received: 'forecast demand'
2026-06-10 21:13:21,803 - app.services.forecast_service - INFO - Demand forecast generated successfully for 7 days
2026-06-10 21:13:25,782 - app.routes.chat - INFO - Chat message received: 'analyze competitors'
2026-06-10 21:13:30,357 - app.routes.chat - INFO - Chat message received: 'pricing tips'
2026-06-10 21:13:38,971 - app.routes.chat - INFO - Chat message received: 'explain xgboost'
2026-06-11 11:12:37,221 - root - INFO - ==================================================
2026-06-11 11:12:37,222 - root - INFO - Starting Dynamic Pricing Engine Backend
2026-06-11 11:12:37,223 - root - INFO - ==================================================
2026-06-11 11:12:37,224 - root - INFO - Loading ML models...
2026-06-11 11:12:49,230 - app.services.pricing_service - INFO - XGBoost model loaded successfully
2026-06-11 11:12:49,290 - app.services.pricing_service - INFO - Random Forest model loaded successfully
2026-06-11 11:12:49,291 - root - INFO - ML models loaded successfully
2026-06-11 11:12:49,292 - root - INFO - Initializing Firebase connection...
2026-06-11 11:12:49,292 - app.database.firebase - INFO - Firebase initialized with default credentials
2026-06-11 11:13:01,552 - app.database.firebase - ERROR - Firebase initialization error: Your default credentials were not found. To set up Application Default Credentials, see https://cloud.google.com/docs/authentication/external/set-up-adc for more information.
2026-06-11 11:13:01,553 - root - INFO - Firebase initialized successfully
2026-06-11 11:13:01,554 - root - INFO - Application startup completed successfully
2026-06-11 11:13:30,803 - app.routes.pricing - INFO - Price prediction request received with model: xgboost
2026-06-11 11:13:30,817 - app.services.pricing_service - INFO - Price prediction successful: {'recommended_price': 816.9, 'model_used': 'XGBoost', 'confidence_score': 96.0, 'price_change_percent': -31.93, 'revenue_impact': -14029.21, 'timestamp': '2026-06-11T05:43:30.817384'}
2026-06-11 11:13:30,818 - app.routes.pricing - INFO - Price prediction completed: 816.9
2026-06-11 11:13:30,834 - app.routes.competitor - INFO - Competitor analysis requested for product prod-001
2026-06-11 11:13:30,835 - app.routes.competitor - INFO - Competitor analysis completed for product prod-001
2026-06-11 11:15:42,720 - app.routes.pricing - INFO - Price prediction request received with model: xgboost
2026-06-11 11:15:42,732 - app.services.pricing_service - INFO - Price prediction successful: {'recommended_price': 808.15, 'model_used': 'XGBoost', 'confidence_score': 96.0, 'price_change_percent': -32.65, 'revenue_impact': -15035.82, 'timestamp': '2026-06-11T05:45:42.732085'}
2026-06-11 11:15:42,732 - app.routes.pricing - INFO - Price prediction completed: 808.15
2026-06-11 11:15:48,099 - app.routes.pricing - INFO - Price prediction request received with model: xgboost
2026-06-11 11:15:48,108 - app.services.pricing_service - INFO - Price prediction successful: {'recommended_price': 808.15, 'model_used': 'XGBoost', 'confidence_score': 96.0, 'price_change_percent': -32.65, 'revenue_impact': -15035.82, 'timestamp': '2026-06-11T05:45:48.107854'}
2026-06-11 11:15:48,109 - app.routes.pricing - INFO - Price prediction completed: 808.15
2026-06-11 11:15:49,912 - app.routes.pricing - INFO - Price prediction with explanation requested using model: xgboost
2026-06-11 11:15:49,921 - app.services.pricing_service - INFO - Price prediction successful: {'recommended_price': 808.15, 'model_used': 'XGBoost', 'confidence_score': 96.0, 'price_change_percent': -32.65, 'revenue_impact': -15035.82, 'timestamp': '2026-06-11T05:45:49.921870'}
2026-06-11 11:15:49,943 - app.services.pricing_service - INFO - Price prediction with explanation generated successfully
2026-06-11 11:15:49,944 - app.routes.pricing - INFO - Price prediction with explanation completed
2026-06-11 11:15:50,317 - app.routes.pricing - INFO - Price prediction with explanation requested using model: xgboost
2026-06-11 11:15:50,326 - app.services.pricing_service - INFO - Price prediction successful: {'recommended_price': 808.15, 'model_used': 'XGBoost', 'confidence_score': 96.0, 'price_change_percent': -32.65, 'revenue_impact': -15035.82, 'timestamp': '2026-06-11T05:45:50.326824'}
2026-06-11 11:15:50,347 - app.services.pricing_service - INFO - Price prediction with explanation generated successfully
2026-06-11 11:15:50,348 - app.routes.pricing - INFO - Price prediction with explanation completed
2026-06-11 11:15:54,482 - app.routes.pricing - INFO - Price prediction request received with model: xgboost
2026-06-11 11:15:54,494 - app.services.pricing_service - INFO - Price prediction successful: {'recommended_price': 816.9, 'model_used': 'XGBoost', 'confidence_score': 96.0, 'price_change_percent': -31.93, 'revenue_impact': -14029.21, 'timestamp': '2026-06-11T05:45:54.494243'}
2026-06-11 11:15:54,495 - app.routes.pricing - INFO - Price prediction completed: 816.9
2026-06-11 11:15:54,685 - app.routes.competitor - INFO - Competitor analysis requested for product prod-001
2026-06-11 11:15:54,688 - app.routes.competitor - INFO - Competitor analysis completed for product prod-001
2026-06-11 11:15:58,287 - app.routes.customer - INFO - Segment definitions requested
2026-06-11 11:16:14,812 - app.routes.customer - INFO - Customer segmentation requested
2026-06-11 11:16:14,813 - app.services.segmentation_service - INFO - Customer segmented as VIP
2026-06-11 11:16:14,813 - app.routes.customer - INFO - Customer segmented as: VIP
2026-06-11 11:16:28,251 - app.routes.pricing - INFO - Health check: {'status': 'healthy', 'models_loaded': True, 'service': 'pricing', 'timestamp': None}
2026-06-11 11:16:30,053 - app.routes.pricing - INFO - Price prediction request received with model: xgboost
2026-06-11 11:16:30,065 - app.services.pricing_service - INFO - Price prediction successful: {'recommended_price': 816.9, 'model_used': 'XGBoost', 'confidence_score': 96.0, 'price_change_percent': -31.93, 'revenue_impact': -14029.21, 'timestamp': '2026-06-11T05:46:30.065979'}
2026-06-11 11:16:30,067 - app.routes.pricing - INFO - Price prediction completed: 816.9
2026-06-11 11:16:30,250 - app.routes.competitor - INFO - Competitor analysis requested for product prod-001
2026-06-11 11:16:30,253 - app.routes.competitor - INFO - Competitor analysis completed for product prod-001
2026-06-11 11:16:53,760 - app.routes.forecast - INFO - Demand forecast requested for product PROD-001
2026-06-11 11:16:53,780 - app.services.forecast_service - INFO - Demand forecast generated successfully for 30 days
2026-06-11 11:16:53,781 - app.routes.forecast - INFO - Demand forecast completed for product PROD-001
2026-06-11 11:16:53,826 - app.routes.forecast - INFO - Inventory recommendations requested for product PROD-001
2026-06-11 11:16:53,827 - app.routes.forecast - INFO - Inventory recommendations generated for product PROD-001
2026-06-11 11:16:57,738 - app.routes.customer - INFO - Segment definitions requested
2026-06-11 11:17:04,531 - app.routes.customer - INFO - Customer segmentation requested
2026-06-11 11:17:04,531 - app.services.segmentation_service - INFO - Customer segmented as VIP
2026-06-11 11:17:04,533 - app.routes.customer - INFO - Customer segmented as: VIP
2026-06-11 11:17:33,751 - app.routes.competitor - INFO - Competitor analysis requested for product PROD-001
2026-06-11 11:17:33,753 - app.routes.competitor - INFO - Competitor analysis completed for product PROD-001
2026-06-11 11:17:33,763 - app.routes.competitor - INFO - Pricing strategy requested for product PROD-001
2026-06-11 11:17:33,764 - app.routes.competitor - INFO - Pricing strategy generated for product PROD-001
2026-06-11 11:17:42,531 - app.routes.pricing - INFO - Health check: {'status': 'healthy', 'models_loaded': True, 'service': 'pricing', 'timestamp': None}
2026-06-11 11:17:54,020 - app.routes.pricing - INFO - Price prediction request received with model: xgboost
2026-06-11 11:17:54,032 - app.services.pricing_service - INFO - Price prediction successful: {'recommended_price': 816.9, 'model_used': 'XGBoost', 'confidence_score': 96.0, 'price_change_percent': -31.93, 'revenue_impact': -14029.21, 'timestamp': '2026-06-11T05:47:54.032073'}
2026-06-11 11:17:54,033 - app.routes.pricing - INFO - Price prediction completed: 816.9
2026-06-11 11:17:54,046 - app.routes.competitor - INFO - Competitor analysis requested for product prod-001
2026-06-11 11:17:54,048 - app.routes.competitor - INFO - Competitor analysis completed for product prod-001
2026-06-11 11:31:02,577 - app.routes.pricing - INFO - Price prediction with explanation requested using model: xgboost
2026-06-11 11:31:02,588 - app.services.pricing_service - INFO - Price prediction successful: {'recommended_price': 819.0, 'model_used': 'XGBoost', 'confidence_score': 96.0, 'price_change_percent': -31.75, 'revenue_impact': -13791.64, 'timestamp': '2026-06-11T06:01:02.588567'}
2026-06-11 11:31:02,610 - app.services.pricing_service - INFO - Price prediction with explanation generated successfully
2026-06-11 11:31:02,611 - app.routes.pricing - INFO - Price prediction with explanation completed
2026-06-11 11:31:15,196 - app.routes.pricing - INFO - Price prediction request received with model: xgboost
2026-06-11 11:31:15,208 - app.services.pricing_service - INFO - Price prediction successful: {'recommended_price': 816.9, 'model_used': 'XGBoost', 'confidence_score': 96.0, 'price_change_percent': -31.93, 'revenue_impact': -14029.21, 'timestamp': '2026-06-11T06:01:15.208362'}
2026-06-11 11:31:15,210 - app.routes.pricing - INFO - Price prediction completed: 816.9
2026-06-11 11:31:15,478 - app.routes.competitor - INFO - Competitor analysis requested for product prod-001
2026-06-11 11:31:15,478 - app.routes.competitor - INFO - Competitor analysis completed for product prod-001
2026-06-11 11:39:26,162 - app.routes.chat - INFO - Chat message received: 'prive prediction of product'
2026-06-11 11:59:35,121 - app.routes.customer - INFO - Segment definitions requested
2026-06-11 11:59:36,665 - app.routes.pricing - INFO - Health check: {'status': 'healthy', 'models_loaded': True, 'service': 'pricing', 'timestamp': None}
